[68640:21656:0914/095710:INFO:AppRunner.cpp(611)] Begin run process geeplayer, -runfrom openimage "E:\phpstudy\WWW\gaoji3\iwebshop\views\default\skin\default\preview.jpg", mainplugin is mainPlugin
[68640:21656:0914/095710:INFO:AppRunner.cpp(617)] ProductName is GeePlayer1
[68640:21656:0914/095710:INFO:ChannelManager.cpp(1219)] create connection thread
[68640:21656:0914/095710:INFO:AppRunner.cpp(661)] apppluginbase version is 5.1.3.13
[68640:21656:0914/095710:INFO:UIlib.cpp(192)] quilib: version is 5.1.3.9
[68640:21656:0914/095710:INFO:serviceManager.cpp(508)] mainprocessisrunning key is set as 1
[68640:21656:0914/095710:INFO:serviceManager.cpp(629)] create local service plugin PluginServerStatePlugin
[68640:21656:0914/095710:INFO:serviceManager.cpp(687)] plugin PluginServerStatePlugin DoPluginInit
[68640:21656:0914/095710:INFO:serviceManager.cpp(1272)] repository parse over
[68640:21656:0914/095711:INFO:UIManager.cpp(383)] quilib:call set resouce path, path is c:\program files (x86)\iqiyi video\geeplayer\3.0.40.3591\skin
[68640:21656:0914/095711:INFO:UIMarkup.cpp(395)] quilib:Open Resource failed, Path is c:\program files (x86)\iqiyi video\geeplayer\3.0.40.3591\skin\StyleTable.xml, last error is0
[68640:21656:0914/095711:INFO:UIDlgBuilder.cpp(512)] quilib:create root control failed
[68640:21656:0914/095711:INFO:UIDlgBuilder.cpp(512)] quilib:create root control failed
[68640:21656:0914/095711:INFO:UIDlgBuilder.cpp(512)] quilib:create root control failed
[68640:21656:0914/095711:INFO:UIDlgBuilder.cpp(512)] quilib:create root control failed
[68640:21656:0914/095711:INFO:UIDlgBuilder.cpp(512)] quilib:create root control failed
[68640:21656:0914/095711:INFO:UIDlgBuilder.cpp(512)] quilib:create root control failed
[68640:21656:0914/095713:INFO:AppRunner.cpp(720)] loop exit geeplayer call main plugin DestoryPluginEntry
[68640:21656:0914/095713:INFO:PluginDevelopAssistant.cpp(115)] real plugin mainPlugin call DestroyPlugin
[68640:21656:0914/095714:INFO:IPlugin.cpp(31)] destruct plugin mainPlugin
[68640:21656:0914/095714:INFO:serviceManager.cpp(1353)] mainPlugin plugin had destroy by DestructPlugin
[68640:21656:0914/095714:INFO:serviceManager.cpp(1906)] DestructManager begin
[68640:21656:0914/095714:INFO:IPlugin.cpp(31)] destruct plugin PluginServerStatePlugin
[68640:21656:0914/095714:INFO:PluginDevelopAssistant.cpp(295)] real plugin PluginServerStatePlugin call DestroyPlugin
[68640:21656:0914/095714:INFO:serviceManager.cpp(1353)] PluginServerStatePlugin plugin had destroy by DestructPlugin
[68640:21656:0914/095714:INFO:serviceManager.cpp(1759)] DeleteLeftPlugins begin
[68640:21656:0914/095714:INFO:serviceManager.cpp(1822)] DeleteLeftPlugins end
[68640:21656:0914/095714:INFO:serviceManager.cpp(508)] mainprocessisrunning key is set as 0
[68640:21656:0914/095714:INFO:AppRunner.cpp(735)] close mutex of process geeplayer
[68640:21656:0914/095714:INFO:AppRunner.cpp(743)] run process geeplayer end
