<ERROR_BLOCK>
errorInfo: mysqli::mysqli(): (HY000/1049): Unknown database 'month8'
errorFile: IWEB_PATH/lib/db/driver/mysqli_class.php
errorLine: 30
errorCode: 2
errorTime: 2017-09-18 09:26:52
#0 IWEB_PATH/lib/db/driver/mysqli_class.php(30): mysqli->mysqli(localhost,root,root,month8,3306)
#1 IWEB_PATH/lib/db/db_class.php(107): IMysqli->connect()
#2 IWEB_PATH/lib/web/model/model_class.php(209): IDB->query(SELECT class_name FROM i_plugin WHERE is_open = 1 ORDER BY sort asc limit 50000)
#3 IWEB_PATH/classes/plugin.php(23): IModel->query(is_open = 1,class_name,sort asc)
#4 IWEB_PATH/classes/plugin.php(207): plugin::init()
#5 : plugin::onCreateApp()
#6 IWEB_PATH/lib/core/interceptor_class.php(114): call_user_func()
#7 IWEB_PATH/lib/core/application_class.php(93): IInterceptor::run(onCreateApp)
#8 IWEB_PATH/index.php(5): IApplication->run()
</ERROR_BLOCK>

<ERROR_BLOCK>
excepInfo: Unknown database 'month8'
excepFile: IWEB_PATH/lib/db/driver/mysqli_class.php
excepLine: 33
excepCode: 1000
excepTime: 2017-09-18 09:26:52
#0 IWEB_PATH/lib/db/db_class.php(107): IMysqli->connect()
#1 IWEB_PATH/lib/web/model/model_class.php(209): IDB->query(SELECT class_name FROM i_plugin WHERE is_open = 1 ORDER BY sort asc limit 50000)
#2 IWEB_PATH/classes/plugin.php(23): IModel->query(is_open = 1,class_name,sort asc)
#3 IWEB_PATH/classes/plugin.php(207): plugin::init()
#4 : plugin::onCreateApp()
#5 IWEB_PATH/lib/core/interceptor_class.php(114): call_user_func()
#6 IWEB_PATH/lib/core/application_class.php(93): IInterceptor::run(onCreateApp)
#7 IWEB_PATH/index.php(5): IApplication->run()
</ERROR_BLOCK>

<ERROR_BLOCK>
errorInfo: mysqli::mysqli(): (HY000/1049): Unknown database 'month8'
errorFile: IWEB_PATH/lib/db/driver/mysqli_class.php
errorLine: 30
errorCode: 2
errorTime: 2017-09-18 09:28:35
#0 IWEB_PATH/lib/db/driver/mysqli_class.php(30): mysqli->mysqli(localhost,root,root,month8,3306)
#1 IWEB_PATH/lib/db/db_class.php(107): IMysqli->connect()
#2 IWEB_PATH/lib/web/model/model_class.php(209): IDB->query(SELECT class_name FROM i_plugin WHERE is_open = 1 ORDER BY sort asc limit 50000)
#3 IWEB_PATH/classes/plugin.php(23): IModel->query(is_open = 1,class_name,sort asc)
#4 IWEB_PATH/classes/plugin.php(207): plugin::init()
#5 : plugin::onCreateApp()
#6 IWEB_PATH/lib/core/interceptor_class.php(114): call_user_func()
#7 IWEB_PATH/lib/core/application_class.php(93): IInterceptor::run(onCreateApp)
#8 IWEB_PATH/index.php(5): IApplication->run()
</ERROR_BLOCK>

<ERROR_BLOCK>
excepInfo: Unknown database 'month8'
excepFile: IWEB_PATH/lib/db/driver/mysqli_class.php
excepLine: 33
excepCode: 1000
excepTime: 2017-09-18 09:28:35
#0 IWEB_PATH/lib/db/db_class.php(107): IMysqli->connect()
#1 IWEB_PATH/lib/web/model/model_class.php(209): IDB->query(SELECT class_name FROM i_plugin WHERE is_open = 1 ORDER BY sort asc limit 50000)
#2 IWEB_PATH/classes/plugin.php(23): IModel->query(is_open = 1,class_name,sort asc)
#3 IWEB_PATH/classes/plugin.php(207): plugin::init()
#4 : plugin::onCreateApp()
#5 IWEB_PATH/lib/core/interceptor_class.php(114): call_user_func()
#6 IWEB_PATH/lib/core/application_class.php(93): IInterceptor::run(onCreateApp)
#7 IWEB_PATH/index.php(5): IApplication->run()
</ERROR_BLOCK>

<ERROR_BLOCK>
errorInfo: mysqli::mysqli(): (HY000/1049): Unknown database 'month8'
errorFile: IWEB_PATH/lib/db/driver/mysqli_class.php
errorLine: 30
errorCode: 2
errorTime: 2017-09-18 09:29:59
#0 IWEB_PATH/lib/db/driver/mysqli_class.php(30): mysqli->mysqli(localhost,root,root,month8,3306)
#1 IWEB_PATH/lib/db/db_class.php(107): IMysqli->connect()
#2 IWEB_PATH/lib/web/model/model_class.php(209): IDB->query(SELECT class_name FROM i_plugin WHERE is_open = 1 ORDER BY sort asc limit 50000)
#3 IWEB_PATH/classes/plugin.php(23): IModel->query(is_open = 1,class_name,sort asc)
#4 IWEB_PATH/classes/plugin.php(207): plugin::init()
#5 : plugin::onCreateApp()
#6 IWEB_PATH/lib/core/interceptor_class.php(114): call_user_func()
#7 IWEB_PATH/lib/core/application_class.php(93): IInterceptor::run(onCreateApp)
#8 IWEB_PATH/index.php(5): IApplication->run()
</ERROR_BLOCK>

<ERROR_BLOCK>
excepInfo: Unknown database 'month8'
excepFile: IWEB_PATH/lib/db/driver/mysqli_class.php
excepLine: 33
excepCode: 1000
excepTime: 2017-09-18 09:29:59
#0 IWEB_PATH/lib/db/db_class.php(107): IMysqli->connect()
#1 IWEB_PATH/lib/web/model/model_class.php(209): IDB->query(SELECT class_name FROM i_plugin WHERE is_open = 1 ORDER BY sort asc limit 50000)
#2 IWEB_PATH/classes/plugin.php(23): IModel->query(is_open = 1,class_name,sort asc)
#3 IWEB_PATH/classes/plugin.php(207): plugin::init()
#4 : plugin::onCreateApp()
#5 IWEB_PATH/lib/core/interceptor_class.php(114): call_user_func()
#6 IWEB_PATH/lib/core/application_class.php(93): IInterceptor::run(onCreateApp)
#7 IWEB_PATH/index.php(5): IApplication->run()
</ERROR_BLOCK>

<ERROR_BLOCK>
errorInfo: mysqli::mysqli(): (HY000/1049): Unknown database 'month8'
errorFile: IWEB_PATH/lib/db/driver/mysqli_class.php
errorLine: 30
errorCode: 2
errorTime: 2017-09-18 09:32:39
#0 IWEB_PATH/lib/db/driver/mysqli_class.php(30): mysqli->mysqli(localhost,root,root,month8,3306)
#1 IWEB_PATH/lib/db/db_class.php(107): IMysqli->connect()
#2 IWEB_PATH/lib/web/model/model_class.php(209): IDB->query(SELECT class_name FROM i_plugin WHERE is_open = 1 ORDER BY sort asc limit 50000)
#3 IWEB_PATH/classes/plugin.php(23): IModel->query(is_open = 1,class_name,sort asc)
#4 IWEB_PATH/classes/plugin.php(207): plugin::init()
#5 : plugin::onCreateApp()
#6 IWEB_PATH/lib/core/interceptor_class.php(114): call_user_func()
#7 IWEB_PATH/lib/core/application_class.php(93): IInterceptor::run(onCreateApp)
#8 IWEB_PATH/index.php(5): IApplication->run()
</ERROR_BLOCK>

<ERROR_BLOCK>
excepInfo: Unknown database 'month8'
excepFile: IWEB_PATH/lib/db/driver/mysqli_class.php
excepLine: 33
excepCode: 1000
excepTime: 2017-09-18 09:32:39
#0 IWEB_PATH/lib/db/db_class.php(107): IMysqli->connect()
#1 IWEB_PATH/lib/web/model/model_class.php(209): IDB->query(SELECT class_name FROM i_plugin WHERE is_open = 1 ORDER BY sort asc limit 50000)
#2 IWEB_PATH/classes/plugin.php(23): IModel->query(is_open = 1,class_name,sort asc)
#3 IWEB_PATH/classes/plugin.php(207): plugin::init()
#4 : plugin::onCreateApp()
#5 IWEB_PATH/lib/core/interceptor_class.php(114): call_user_func()
#6 IWEB_PATH/lib/core/application_class.php(93): IInterceptor::run(onCreateApp)
#7 IWEB_PATH/index.php(5): IApplication->run()
</ERROR_BLOCK>

<ERROR_BLOCK>
errorInfo: mysqli::mysqli(): (HY000/1049): Unknown database 'month8'
errorFile: IWEB_PATH/lib/db/driver/mysqli_class.php
errorLine: 30
errorCode: 2
errorTime: 2017-09-18 09:33:15
#0 IWEB_PATH/lib/db/driver/mysqli_class.php(30): mysqli->mysqli(localhost,root,root,month8,3306)
#1 IWEB_PATH/lib/db/db_class.php(107): IMysqli->connect()
#2 IWEB_PATH/lib/web/model/model_class.php(209): IDB->query(SELECT class_name FROM i_plugin WHERE is_open = 1 ORDER BY sort asc limit 50000)
#3 IWEB_PATH/classes/plugin.php(23): IModel->query(is_open = 1,class_name,sort asc)
#4 IWEB_PATH/classes/plugin.php(207): plugin::init()
#5 : plugin::onCreateApp()
#6 IWEB_PATH/lib/core/interceptor_class.php(114): call_user_func()
#7 IWEB_PATH/lib/core/application_class.php(93): IInterceptor::run(onCreateApp)
#8 IWEB_PATH/index.php(5): IApplication->run()
</ERROR_BLOCK>

<ERROR_BLOCK>
excepInfo: Unknown database 'month8'
excepFile: IWEB_PATH/lib/db/driver/mysqli_class.php
excepLine: 33
excepCode: 1000
excepTime: 2017-09-18 09:33:15
#0 IWEB_PATH/lib/db/db_class.php(107): IMysqli->connect()
#1 IWEB_PATH/lib/web/model/model_class.php(209): IDB->query(SELECT class_name FROM i_plugin WHERE is_open = 1 ORDER BY sort asc limit 50000)
#2 IWEB_PATH/classes/plugin.php(23): IModel->query(is_open = 1,class_name,sort asc)
#3 IWEB_PATH/classes/plugin.php(207): plugin::init()
#4 : plugin::onCreateApp()
#5 IWEB_PATH/lib/core/interceptor_class.php(114): call_user_func()
#6 IWEB_PATH/lib/core/application_class.php(93): IInterceptor::run(onCreateApp)
#7 IWEB_PATH/index.php(5): IApplication->run()
</ERROR_BLOCK>

<ERROR_BLOCK>
errorInfo: mysqli::mysqli(): (HY000/1049): Unknown database 'month8'
errorFile: IWEB_PATH/lib/db/driver/mysqli_class.php
errorLine: 30
errorCode: 2
errorTime: 2017-09-18 10:51:21
#0 IWEB_PATH/lib/db/driver/mysqli_class.php(30): mysqli->mysqli(localhost,root,root,month8,3306)
#1 IWEB_PATH/lib/db/db_class.php(107): IMysqli->connect()
#2 IWEB_PATH/lib/web/model/model_class.php(209): IDB->query(SELECT class_name FROM i_plugin WHERE is_open = 1 ORDER BY sort asc limit 50000)
#3 IWEB_PATH/classes/plugin.php(23): IModel->query(is_open = 1,class_name,sort asc)
#4 IWEB_PATH/classes/plugin.php(207): plugin::init()
#5 : plugin::onCreateApp()
#6 IWEB_PATH/lib/core/interceptor_class.php(114): call_user_func()
#7 IWEB_PATH/lib/core/application_class.php(93): IInterceptor::run(onCreateApp)
#8 IWEB_PATH/index.php(5): IApplication->run()
</ERROR_BLOCK>

<ERROR_BLOCK>
excepInfo: Unknown database 'month8'
excepFile: IWEB_PATH/lib/db/driver/mysqli_class.php
excepLine: 33
excepCode: 1000
excepTime: 2017-09-18 10:51:21
#0 IWEB_PATH/lib/db/db_class.php(107): IMysqli->connect()
#1 IWEB_PATH/lib/web/model/model_class.php(209): IDB->query(SELECT class_name FROM i_plugin WHERE is_open = 1 ORDER BY sort asc limit 50000)
#2 IWEB_PATH/classes/plugin.php(23): IModel->query(is_open = 1,class_name,sort asc)
#3 IWEB_PATH/classes/plugin.php(207): plugin::init()
#4 : plugin::onCreateApp()
#5 IWEB_PATH/lib/core/interceptor_class.php(114): call_user_func()
#6 IWEB_PATH/lib/core/application_class.php(93): IInterceptor::run(onCreateApp)
#7 IWEB_PATH/index.php(5): IApplication->run()
</ERROR_BLOCK>

<ERROR_BLOCK>
errorInfo: mysqli::mysqli(): (HY000/1049): Unknown database 'month8'
errorFile: IWEB_PATH/lib/db/driver/mysqli_class.php
errorLine: 30
errorCode: 2
errorTime: 2017-09-18 10:56:18
#0 IWEB_PATH/lib/db/driver/mysqli_class.php(30): mysqli->mysqli(localhost,root,root,month8,3306)
#1 IWEB_PATH/lib/db/db_class.php(107): IMysqli->connect()
#2 IWEB_PATH/lib/web/model/model_class.php(209): IDB->query(SELECT class_name FROM i_plugin WHERE is_open = 1 ORDER BY sort asc limit 50000)
#3 IWEB_PATH/classes/plugin.php(23): IModel->query(is_open = 1,class_name,sort asc)
#4 IWEB_PATH/classes/plugin.php(207): plugin::init()
#5 : plugin::onCreateApp()
#6 IWEB_PATH/lib/core/interceptor_class.php(114): call_user_func()
#7 IWEB_PATH/lib/core/application_class.php(93): IInterceptor::run(onCreateApp)
#8 IWEB_PATH/index.php(5): IApplication->run()
</ERROR_BLOCK>

<ERROR_BLOCK>
excepInfo: Unknown database 'month8'
excepFile: IWEB_PATH/lib/db/driver/mysqli_class.php
excepLine: 33
excepCode: 1000
excepTime: 2017-09-18 10:56:18
#0 IWEB_PATH/lib/db/db_class.php(107): IMysqli->connect()
#1 IWEB_PATH/lib/web/model/model_class.php(209): IDB->query(SELECT class_name FROM i_plugin WHERE is_open = 1 ORDER BY sort asc limit 50000)
#2 IWEB_PATH/classes/plugin.php(23): IModel->query(is_open = 1,class_name,sort asc)
#3 IWEB_PATH/classes/plugin.php(207): plugin::init()
#4 : plugin::onCreateApp()
#5 IWEB_PATH/lib/core/interceptor_class.php(114): call_user_func()
#6 IWEB_PATH/lib/core/application_class.php(93): IInterceptor::run(onCreateApp)
#7 IWEB_PATH/index.php(5): IApplication->run()
</ERROR_BLOCK>

<ERROR_BLOCK>
errorInfo: mysqli::mysqli(): (HY000/1049): Unknown database 'month8'
errorFile: IWEB_PATH/lib/db/driver/mysqli_class.php
errorLine: 30
errorCode: 2
errorTime: 2017-09-18 10:56:22
#0 IWEB_PATH/lib/db/driver/mysqli_class.php(30): mysqli->mysqli(localhost,root,root,month8,3306)
#1 IWEB_PATH/lib/db/db_class.php(107): IMysqli->connect()
#2 IWEB_PATH/lib/web/model/model_class.php(209): IDB->query(SELECT class_name FROM i_plugin WHERE is_open = 1 ORDER BY sort asc limit 50000)
#3 IWEB_PATH/classes/plugin.php(23): IModel->query(is_open = 1,class_name,sort asc)
#4 IWEB_PATH/classes/plugin.php(207): plugin::init()
#5 : plugin::onCreateApp()
#6 IWEB_PATH/lib/core/interceptor_class.php(114): call_user_func()
#7 IWEB_PATH/lib/core/application_class.php(93): IInterceptor::run(onCreateApp)
#8 IWEB_PATH/index.php(5): IApplication->run()
</ERROR_BLOCK>

<ERROR_BLOCK>
excepInfo: Unknown database 'month8'
excepFile: IWEB_PATH/lib/db/driver/mysqli_class.php
excepLine: 33
excepCode: 1000
excepTime: 2017-09-18 10:56:22
#0 IWEB_PATH/lib/db/db_class.php(107): IMysqli->connect()
#1 IWEB_PATH/lib/web/model/model_class.php(209): IDB->query(SELECT class_name FROM i_plugin WHERE is_open = 1 ORDER BY sort asc limit 50000)
#2 IWEB_PATH/classes/plugin.php(23): IModel->query(is_open = 1,class_name,sort asc)
#3 IWEB_PATH/classes/plugin.php(207): plugin::init()
#4 : plugin::onCreateApp()
#5 IWEB_PATH/lib/core/interceptor_class.php(114): call_user_func()
#6 IWEB_PATH/lib/core/application_class.php(93): IInterceptor::run(onCreateApp)
#7 IWEB_PATH/index.php(5): IApplication->run()
</ERROR_BLOCK>

<ERROR_BLOCK>
errorInfo: Undefined offset: 0
errorFile: IWEB_PATH/plugins/seckill/seckill.php
errorLine: 200
errorCode: 8
errorTime: 2017-09-18 11:02:12
#0 : seckill->seckillSiteShow()
#1 IWEB_PATH/classes/plugin.php(103): call_user_func_array()
#2 IWEB_PATH/classes/plugin.php(216): plugin::trigger(onFinishAction@site@index)
#3 : plugin::onFinishAction()
#4 IWEB_PATH/lib/core/interceptor_class.php(114): call_user_func()
#5 IWEB_PATH/lib/web/controller/controller_class.php(116): IInterceptor::run(onFinishAction)
#6 IWEB_PATH/lib/core/webapplication_class.php(75): IController->run()
#7 IWEB_PATH/lib/core/application_class.php(94): IWebApplication->execRequest()
#8 IWEB_PATH/index.php(5): IApplication->run()
</ERROR_BLOCK>

<ERROR_BLOCK>
errorInfo: Undefined offset: 0
errorFile: IWEB_PATH/plugins/seckill/seckill.php
errorLine: 200
errorCode: 8
errorTime: 2017-09-18 15:52:27
#0 : seckill->seckillSiteShow()
#1 IWEB_PATH/classes/plugin.php(103): call_user_func_array()
#2 IWEB_PATH/classes/plugin.php(216): plugin::trigger(onFinishAction@site@index)
#3 : plugin::onFinishAction()
#4 IWEB_PATH/lib/core/interceptor_class.php(114): call_user_func()
#5 IWEB_PATH/lib/web/controller/controller_class.php(116): IInterceptor::run(onFinishAction)
#6 IWEB_PATH/lib/core/webapplication_class.php(75): IController->run()
#7 IWEB_PATH/lib/core/application_class.php(94): IWebApplication->execRequest()
#8 IWEB_PATH/index.php(5): IApplication->run()
</ERROR_BLOCK>

