<ERROR_BLOCK>
errorInfo: Undefined offset: 0
errorFile: IWEB_PATH/plugins/seckill/seckill.php
errorLine: 200
errorCode: 8
errorTime: 2017-09-13 17:06:45
#0 : seckill->seckillSiteShow()
#1 IWEB_PATH/classes/plugin.php(103): call_user_func_array()
#2 IWEB_PATH/classes/plugin.php(216): plugin::trigger(onFinishAction@site@index)
#3 : plugin::onFinishAction()
#4 IWEB_PATH/lib/core/interceptor_class.php(114): call_user_func()
#5 IWEB_PATH/lib/web/controller/controller_class.php(116): IInterceptor::run(onFinishAction)
#6 IWEB_PATH/lib/core/webapplication_class.php(75): IController->run()
#7 IWEB_PATH/lib/core/application_class.php(94): IWebApplication->execRequest()
#8 IWEB_PATH/index.php(5): IApplication->run()
</ERROR_BLOCK>

<ERROR_BLOCK>
errorInfo: Undefined offset: 0
errorFile: IWEB_PATH/plugins/seckill/seckill.php
errorLine: 200
errorCode: 8
errorTime: 2017-09-13 21:27:24
#0 : seckill->seckillSiteShow()
#1 IWEB_PATH/classes/plugin.php(103): call_user_func_array()
#2 IWEB_PATH/classes/plugin.php(216): plugin::trigger(onFinishAction@site@index)
#3 : plugin::onFinishAction()
#4 IWEB_PATH/lib/core/interceptor_class.php(114): call_user_func()
#5 IWEB_PATH/lib/web/controller/controller_class.php(116): IInterceptor::run(onFinishAction)
#6 IWEB_PATH/lib/core/webapplication_class.php(75): IController->run()
#7 IWEB_PATH/lib/core/application_class.php(94): IWebApplication->execRequest()
#8 IWEB_PATH/index.php(5): IApplication->run()
</ERROR_BLOCK>

