<ERROR_BLOCK>
errorInfo: mysqli::mysqli(): (HY000/1049): Unknown database 'iwebshop'
errorFile: IWEB_PATH/lib/db/driver/mysqli_class.php
errorLine: 30
errorCode: 2
errorTime: 2017-11-30 11:25:49
#0 IWEB_PATH/lib/db/driver/mysqli_class.php(30): mysqli->mysqli(localhost,root,root,iwebshop,3306)
#1 IWEB_PATH/lib/db/db_class.php(107): IMysqli->connect()
#2 IWEB_PATH/lib/web/model/model_class.php(209): IDB->query(SELECT class_name FROM i_plugin WHERE is_open = 1 ORDER BY sort asc limit 50000)
#3 IWEB_PATH/classes/plugin.php(23): IModel->query(is_open = 1,class_name,sort asc)
#4 IWEB_PATH/classes/plugin.php(207): plugin::init()
#5 : plugin::onCreateApp()
#6 IWEB_PATH/lib/core/interceptor_class.php(114): call_user_func()
#7 IWEB_PATH/lib/core/application_class.php(93): IInterceptor::run(onCreateApp)
#8 IWEB_PATH/index.php(5): IApplication->run()
</ERROR_BLOCK>

<ERROR_BLOCK>
excepInfo: Unknown database 'iwebshop'
excepFile: IWEB_PATH/lib/db/driver/mysqli_class.php
excepLine: 33
excepCode: 1000
excepTime: 2017-11-30 11:25:49
#0 IWEB_PATH/lib/db/db_class.php(107): IMysqli->connect()
#1 IWEB_PATH/lib/web/model/model_class.php(209): IDB->query(SELECT class_name FROM i_plugin WHERE is_open = 1 ORDER BY sort asc limit 50000)
#2 IWEB_PATH/classes/plugin.php(23): IModel->query(is_open = 1,class_name,sort asc)
#3 IWEB_PATH/classes/plugin.php(207): plugin::init()
#4 : plugin::onCreateApp()
#5 IWEB_PATH/lib/core/interceptor_class.php(114): call_user_func()
#6 IWEB_PATH/lib/core/application_class.php(93): IInterceptor::run(onCreateApp)
#7 IWEB_PATH/index.php(5): IApplication->run()
</ERROR_BLOCK>

